SF:lib/bloc_infinity_list.dart
DA:71,1
DA:93,1
DA:111,1
DA:134,1
DA:153,1
DA:178,1
DA:197,1
DA:199,1
DA:206,1
DA:208,1
DA:210,2
DA:211,3
DA:214,4
DA:217,1
DA:219,3
DA:220,2
DA:221,1
DA:225,1
DA:226,1
DA:228,3
DA:229,1
DA:230,4
DA:236,1
DA:237,2
DA:239,3
DA:240,3
DA:241,2
DA:244,1
DA:246,1
DA:247,2
DA:248,1
DA:249,1
DA:250,1
DA:251,1
DA:252,3
DA:253,1
DA:254,1
DA:255,1
DA:256,2
DA:257,1
DA:258,1
DA:261,1
DA:262,1
DA:263,4
DA:265,4
DA:266,3
DA:268,1
DA:269,2
DA:270,1
DA:271,2
DA:272,2
DA:273,1
DA:274,2
DA:275,2
DA:277,2
DA:279,1
DA:280,1
DA:282,2
DA:283,2
DA:285,1
DA:286,2
DA:287,1
DA:288,2
DA:289,4
DA:292,1
DA:305,1
DA:306,1
DA:307,2
DA:308,1
DA:309,2
DA:316,1
DA:317,3
DA:322,1
DA:323,3
DA:324,0
DA:328,1
DA:329,3
DA:334,1
DA:335,3
DA:347,1
DA:367,1
DA:368,1
DA:373,1
DA:375,1
DA:378,4
DA:381,1
DA:383,1
DA:384,2
DA:385,1
DA:386,1
DA:387,1
DA:388,1
DA:389,0
DA:390,1
DA:391,1
DA:392,1
DA:393,2
DA:394,1
DA:395,0
DA:398,1
DA:399,0
DA:400,0
DA:402,0
DA:403,0
DA:405,1
DA:406,2
DA:407,1
DA:408,2
DA:409,2
DA:410,1
DA:411,2
DA:412,2
DA:414,2
DA:416,1
DA:418,2
DA:419,2
DA:420,1
DA:421,2
DA:422,1
DA:423,2
DA:424,4
DA:427,1
DA:440,1
DA:441,1
DA:442,1
DA:445,2
DA:448,1
DA:449,4
DA:450,0
DA:453,0
DA:454,0
DA:468,1
DA:469,3
DA:474,0
DA:475,0
DA:476,0
DA:480,0
DA:481,0
DA:486,1
DA:487,3
LF:140
LH:125
end_of_record
SF:lib/infinite_list_bloc/infinite_list_state.dart
DA:9,1
DA:12,1
DA:13,2
DA:17,1
DA:20,1
DA:21,0
DA:26,1
DA:29,4
DA:41,1
DA:43,1
DA:44,2
DA:50,3
DA:56,1
DA:62,1
DA:68,1
DA:77,1
DA:79,0
DA:80,0
LF:18
LH:15
end_of_record
SF:lib/infinite_list_bloc/infinite_list_bloc.dart
DA:18,3
DA:19,2
DA:20,2
DA:23,2
DA:24,1
DA:25,4
DA:26,5
DA:28,3
DA:29,4
DA:31,2
DA:34,2
DA:35,2
DA:38,4
DA:39,1
DA:40,1
DA:41,5
DA:43,4
DA:44,1
DA:45,4
DA:47,5
DA:50,0
DA:51,0
DA:53,2
LF:23
LH:21
end_of_record
SF:lib/infinite_list_bloc/infinite_list_event.dart
DA:7,0
DA:8,0
DA:22,1
DA:24,0
DA:25,0
LF:5
LH:1
end_of_record
